<?xml version="1.0" encoding="UTF-8"?>
<!-- Generated by org.testng.reporters.JUnitXMLReporter -->
<testsuite ignored="0" hostname="DESKTOP-S64H8J8" failures="0" tests="4" name="Default test" time="26.712" errors="0" timestamp="2023-06-17T20:26:25 IST">
  <testcase classname="TestClass.Test1" name="loginPage" time="0.23"/>
  <testcase classname="TestClass.Test1" name="mome" time="0.471"/>
  <testcase classname="TestClass.Test1" name="selectMobile" time="3.964"/>
  <testcase classname="TestClass.Test1" name="addtocart" time="0.004"/>
</testsuite> <!-- Default test -->
